2018-09-28 17:00:10 +0000  Initial pipeline context: <IDEDistributionProcessingPipelineContext: 0x7fd659e40c10; archive(resolved)='<IDEArchive: 0x7fd658982170>', distributionTask(resolved)='2', distributionDestination(resolved)='1', distributionMethod(resolved)='<IDEDistributionMethodDevelopmentSigned: 0x7fd65894b1a0>', team(resolved)='<IDEProvisioningDisambiguatableBasicTeam: 0x7fd654ed9000; teamID='KC4KVEZ5WK', teamName='Joaquin Sanchez', teamType='Individual', username='roca_neox@hotmail.com', isFreeProvisioningTeam='0'>'>
	Chain (12, self inclusive):
	<IDEDistributionProcessingPipelineContext: 0x7fd659e40c10; archive = '<IDEArchive: 0x7fd658982170>', distributionMethod='<IDEDistributionMethodDevelopmentSigned: 0x7fd65894b1a0>', team='<IDEProvisioningDisambiguatableBasicTeam: 0x7fd654ed9000; teamID='KC4KVEZ5WK', teamName='Joaquin Sanchez', teamType='Individual', username='roca_neox@hotmail.com', isFreeProvisioningTeam='0'>'>
	<IDEDistributionProcessingPipelineContext: 0x7fd659e1af10; archive = '<IDEArchive: 0x7fd658982170>', distributionMethod='<IDEDistributionMethodDevelopmentSigned: 0x7fd65894b1a0>', team='<IDEProvisioningDisambiguatableBasicTeam: 0x7fd654ed9000; teamID='KC4KVEZ5WK', teamName='Joaquin Sanchez', teamType='Individual', username='roca_neox@hotmail.com', isFreeProvisioningTeam='0'>'>
	<IDEDistributionContext: 0x7fd654a23140; archive = '<IDEArchive: 0x7fd658982170>', distributionMethod='<IDEDistributionMethodDevelopmentSigned: 0x7fd65894b1a0>', team='<IDEProvisioningDisambiguatableBasicTeam: 0x7fd654ed9000; teamID='KC4KVEZ5WK', teamName='Joaquin Sanchez', teamType='Individual', username='roca_neox@hotmail.com', isFreeProvisioningTeam='0'>'>
	<IDEDistributionContext: 0x7fd659b172c0; archive = '<IDEArchive: 0x7fd658982170>', distributionMethod='<IDEDistributionMethodDevelopmentSigned: 0x7fd65894b1a0>', team='<IDEProvisioningDisambiguatableBasicTeam: 0x7fd654ed9000; teamID='KC4KVEZ5WK', teamName='Joaquin Sanchez', teamType='Individual', username='roca_neox@hotmail.com', isFreeProvisioningTeam='0'>'>
	<IDEDistributionContext: 0x7fd65a0f28c0; archive = '<IDEArchive: 0x7fd658982170>', distributionMethod='<IDEDistributionMethodDevelopmentSigned: 0x7fd65894b1a0>', team='<IDEProvisioningDisambiguatableBasicTeam: 0x7fd654ed9000; teamID='KC4KVEZ5WK', teamName='Joaquin Sanchez', teamType='Individual', username='roca_neox@hotmail.com', isFreeProvisioningTeam='0'>'>
	<IDEDistributionContext: 0x7fd65985d3d0; archive = '<IDEArchive: 0x7fd658982170>', distributionMethod='<IDEDistributionMethodDevelopmentSigned: 0x7fd65894b1a0>', team='<IDEProvisioningDisambiguatableBasicTeam: 0x7fd654ed9000; teamID='KC4KVEZ5WK', teamName='Joaquin Sanchez', teamType='Individual', username='roca_neox@hotmail.com', isFreeProvisioningTeam='0'>'>
	<IDEDistributionContext: 0x7fd6554cafb0; archive = '<IDEArchive: 0x7fd658982170>', distributionMethod='<IDEDistributionMethodDevelopmentSigned: 0x7fd65894b1a0>', team='<IDEProvisioningDisambiguatableBasicTeam: 0x7fd654ed9000; teamID='KC4KVEZ5WK', teamName='Joaquin Sanchez', teamType='Individual', username='roca_neox@hotmail.com', isFreeProvisioningTeam='0'>'>
	<IDEDistributionContext: 0x7fd6598bf6f0; archive = '<IDEArchive: 0x7fd658982170>', distributionMethod='<IDEDistributionMethodDevelopmentSigned: 0x7fd65894b1a0>', team='<IDEProvisioningDisambiguatableBasicTeam: 0x7fd654ed9000; teamID='KC4KVEZ5WK', teamName='Joaquin Sanchez', teamType='Individual', username='roca_neox@hotmail.com', isFreeProvisioningTeam='0'>'>
	<IDEDistributionContext: 0x7fd65a21c890; archive = '<IDEArchive: 0x7fd658982170>', distributionMethod='<IDEDistributionMethodDevelopmentSigned: 0x7fd65894b1a0>', team='<IDEProvisioningDisambiguatableBasicTeam: 0x7fd654ed9000; teamID='KC4KVEZ5WK', teamName='Joaquin Sanchez', teamType='Individual', username='roca_neox@hotmail.com', isFreeProvisioningTeam='0'>'>
	<IDEDistributionContext: 0x7fd65a24c560; archive = '<IDEArchive: 0x7fd658982170>', distributionMethod='<IDEDistributionMethodDevelopmentSigned: 0x7fd65894b1a0>', team='(null)'>
	<IDEDistributionContext: 0x7fd65ac417a0; archive = '<IDEArchive: 0x7fd658982170>', distributionMethod='<IDEDistributionMethodDevelopmentSigned: 0x7fd65894b1a0>', team='(null)'>
	<IDEDistributionContext: 0x7fd659998290; archive = '<IDEArchive: 0x7fd658982170>', distributionMethod='(null)', team='(null)'>
</IDEDistributionProcessingPipelineContext: 0x7fd659e40c10>
2018-09-28 17:00:10 +0000  Processing step: IDEDistributionCreateDestRootStep
2018-09-28 17:00:10 +0000  Processing step: IDEDistributionCopyItemStep
2018-09-28 17:00:10 +0000  Running /usr/bin/ditto '-V' '/Users/davidleal/Library/Developer/Xcode/Archives/2018-09-28/App Visas 9-28-18, 11.22 AM.xcarchive/Products/Applications/App Visas.app' '/var/folders/kx/y5lqrvjx6z7blr_xsj0kwp680000gn/T/XcodeDistPipeline.jTG/Root/Payload/App Visas.app'
2018-09-28 17:00:10 +0000  >>> Copying /Users/davidleal/Library/Developer/Xcode/Archives/2018-09-28/App Visas 9-28-18, 11.22 AM.xcarchive/Products/Applications/App Visas.app 
2018-09-28 17:00:10 +0000  copying file ./_CodeSignature/CodeResources ... 
2018-09-28 17:00:10 +0000  63681 bytes for ./_CodeSignature/CodeResources
2018-09-28 17:00:10 +0000  copying file ./LaunchImage@2x.png ... 
2018-09-28 17:00:10 +0000  55319 bytes for ./LaunchImage@2x.png
copying file ./MainViewController.nib ... 
2018-09-28 17:00:10 +0000  943 bytes for ./MainViewController.nib
copying file ./App Visas ... 
2018-09-28 17:00:10 +0000  975152 bytes for ./App Visas
copying file ./LaunchImage-568h@2x.png ... 
2018-09-28 17:00:10 +0000  61990 bytes for ./LaunchImage-568h@2x.png
2018-09-28 17:00:10 +0000  copying file ./LaunchImage-800-667h@2x.png ... 
2018-09-28 17:00:10 +0000  52100 bytes for ./LaunchImage-800-667h@2x.png
copying file ./LaunchImage-Portrait@2x~ipad.png ... 
2018-09-28 17:00:10 +0000  154923 bytes for ./LaunchImage-Portrait@2x~ipad.png
copying file ./AppIcon57x57@2x.png ... 
2018-09-28 17:00:10 +0000  32153 bytes for ./AppIcon57x57@2x.png
2018-09-28 17:00:10 +0000  copying file ./LaunchImage-Portrait~ipad.png ... 
2018-09-28 17:00:10 +0000  74890 bytes for ./LaunchImage-Portrait~ipad.png
copying file ./config.xml ... 
2018-09-28 17:00:10 +0000  4147 bytes for ./config.xml
2018-09-28 17:00:10 +0000  copying file ./www/res/screen/ios/Default-568h@2x~iphone.png ... 
2018-09-28 17:00:10 +0000  162246 bytes for ./www/res/screen/ios/Default-568h@2x~iphone.png
copying file ./www/res/screen/ios/Default-Portrait@2x~ipad.png ... 
2018-09-28 17:00:10 +0000  364391 bytes for ./www/res/screen/ios/Default-Portrait@2x~ipad.png
2018-09-28 17:00:10 +0000  copying file ./www/res/screen/ios/Default-Landscape~ipad.png ... 
2018-09-28 17:00:10 +0000  101746 bytes for ./www/res/screen/ios/Default-Landscape~ipad.png
2018-09-28 17:00:10 +0000  copying file ./www/res/screen/ios/Default-Portrait~ipad.png ... 
2018-09-28 17:00:10 +0000  163007 bytes for ./www/res/screen/ios/Default-Portrait~ipad.png
2018-09-28 17:00:10 +0000  copying file ./www/res/screen/ios/Default-736h.png ... 
2018-09-28 17:00:10 +0000  323013 bytes for ./www/res/screen/ios/Default-736h.png
2018-09-28 17:00:10 +0000  copying file ./www/res/screen/ios/Default~iphone.png ... 
2018-09-28 17:00:10 +0000  56076 bytes for ./www/res/screen/ios/Default~iphone.png
copying file ./www/res/screen/ios/Default-Landscape@2x~ipad.png ... 
2018-09-28 17:00:10 +0000  277592 bytes for ./www/res/screen/ios/Default-Landscape@2x~ipad.png
2018-09-28 17:00:10 +0000  copying file ./www/res/screen/ios/Default-Landscape-736h.png ... 
2018-09-28 17:00:10 +0000  215019 bytes for ./www/res/screen/ios/Default-Landscape-736h.png
2018-09-28 17:00:10 +0000  copying file ./www/res/screen/ios/Default@2x~iphone.png ... 
2018-09-28 17:00:10 +0000  166101 bytes for ./www/res/screen/ios/Default@2x~iphone.png
copying file ./www/res/screen/ios/Default-667h.png ... 
2018-09-28 17:00:10 +0000  186571 bytes for ./www/res/screen/ios/Default-667h.png
2018-09-28 17:00:10 +0000  copying file ./www/res/screen/wp8/screen-portrait.jpg ... 
2018-09-28 17:00:10 +0000  56486 bytes for ./www/res/screen/wp8/screen-portrait.jpg
2018-09-28 17:00:10 +0000  copying file ./www/res/screen/android/drawable-port-xxhdpi-screen.png ... 
2018-09-28 17:00:10 +0000  210729 bytes for ./www/res/screen/android/drawable-port-xxhdpi-screen.png
2018-09-28 17:00:10 +0000  copying file ./www/res/screen/android/drawable-port-xhdpi-screen.png ... 
2018-09-28 17:00:10 +0000  186472 bytes for ./www/res/screen/android/drawable-port-xhdpi-screen.png
2018-09-28 17:00:10 +0000  copying file ./www/res/screen/android/drawable-port-xxxhdpi-screen.png ... 
2018-09-28 17:00:10 +0000  250447 bytes for ./www/res/screen/android/drawable-port-xxxhdpi-screen.png
2018-09-28 17:00:10 +0000  copying file ./www/res/screen/android/drawable-land-xxhdpi-screen.png ... 
2018-09-28 17:00:10 +0000  184401 bytes for ./www/res/screen/android/drawable-land-xxhdpi-screen.png
2018-09-28 17:00:10 +0000  copying file ./www/res/screen/android/drawable-land-xhdpi-screen.png ... 
2018-09-28 17:00:10 +0000  116889 bytes for ./www/res/screen/android/drawable-land-xhdpi-screen.png
2018-09-28 17:00:10 +0000  copying file ./www/res/screen/android/drawable-port-hdpi-screen.png ... 
2018-09-28 17:00:10 +0000  112609 bytes for ./www/res/screen/android/drawable-port-hdpi-screen.png
2018-09-28 17:00:10 +0000  copying file ./www/res/screen/android/drawable-land-mdpi-screen.png ... 
2018-09-28 17:00:10 +0000  30152 bytes for ./www/res/screen/android/drawable-land-mdpi-screen.png
2018-09-28 17:00:10 +0000  copying file ./www/res/screen/android/drawable-port-ldpi-screen.png ... 
2018-09-28 17:00:10 +0000  36000 bytes for ./www/res/screen/android/drawable-port-ldpi-screen.png
2018-09-28 17:00:10 +0000  copying file ./www/res/screen/android/drawable-land-xxxhdpi-screen.png ... 
2018-09-28 17:00:10 +0000  255796 bytes for ./www/res/screen/android/drawable-land-xxxhdpi-screen.png
2018-09-28 17:00:10 +0000  copying file ./www/res/screen/android/drawable-port-mdpi-screen.png ... 
2018-09-28 17:00:10 +0000  60742 bytes for ./www/res/screen/android/drawable-port-mdpi-screen.png
2018-09-28 17:00:10 +0000  copying file ./www/res/screen/android/drawable-land-ldpi-screen.png ... 
2018-09-28 17:00:10 +0000  17452 bytes for ./www/res/screen/android/drawable-land-ldpi-screen.png
2018-09-28 17:00:10 +0000  copying file ./www/res/screen/android/drawable-land-hdpi-screen.png ... 
2018-09-28 17:00:10 +0000  60267 bytes for ./www/res/screen/android/drawable-land-hdpi-screen.png
2018-09-28 17:00:10 +0000  copying file ./www/res/screen/windows/SplashScreen.scale-100.png ... 
2018-09-28 17:00:10 +0000  38915 bytes for ./www/res/screen/windows/SplashScreen.scale-100.png
2018-09-28 17:00:10 +0000  copying file ./www/res/screen/windows/SplashScreenPhone.scale-240.png ... 
2018-09-28 17:00:10 +0000  247521 bytes for ./www/res/screen/windows/SplashScreenPhone.scale-240.png
2018-09-28 17:00:10 +0000  copying file ./www/res/icon/ios/icon.png ... 
2018-09-28 17:00:10 +0000  3770 bytes for ./www/res/icon/ios/icon.png
2018-09-28 17:00:10 +0000  copying file ./www/res/icon/ios/icon-76@2x.png ... 
2018-09-28 17:00:10 +0000  12483 bytes for ./www/res/icon/ios/icon-76@2x.png
2018-09-28 17:00:10 +0000  copying file ./www/res/icon/ios/icon-40@2x.png ... 
2018-09-28 17:00:10 +0000  5734 bytes for ./www/res/icon/ios/icon-40@2x.png
2018-09-28 17:00:10 +0000  copying file ./www/res/icon/ios/icon-50@2x.png ... 
2018-09-28 17:00:10 +0000  7439 bytes for ./www/res/icon/ios/icon-50@2x.png
2018-09-28 17:00:10 +0000  copying file ./www/res/icon/ios/icon-small.png ... 
2018-09-28 17:00:10 +0000  1636 bytes for ./www/res/icon/ios/icon-small.png
2018-09-28 17:00:10 +0000  copying file ./www/res/icon/ios/icon-60@3x.png ... 
2018-09-28 17:00:10 +0000  15418 bytes for ./www/res/icon/ios/icon-60@3x.png
2018-09-28 17:00:10 +0000  copying file ./www/res/icon/ios/icon-76.png ... 
2018-09-28 17:00:10 +0000  5367 bytes for ./www/res/icon/ios/icon-76.png
2018-09-28 17:00:10 +0000  copying file ./www/res/icon/ios/icon-60.png ... 
2018-09-28 17:00:10 +0000  4106 bytes for ./www/res/icon/ios/icon-60.png
2018-09-28 17:00:10 +0000  copying file ./www/res/icon/ios/icon-72.png ... 
2018-09-28 17:00:10 +0000  5119 bytes for ./www/res/icon/ios/icon-72.png
2018-09-28 17:00:10 +0000  copying file ./www/res/icon/ios/icon-72@2x.png ... 
2018-09-28 17:00:10 +0000  11736 bytes for ./www/res/icon/ios/icon-72@2x.png
copying file ./www/res/icon/ios/icon-60@2x.png ... 
2018-09-28 17:00:10 +0000  9358 bytes for ./www/res/icon/ios/icon-60@2x.png
2018-09-28 17:00:10 +0000  copying file ./www/res/icon/ios/icon@2x.png ... 
2018-09-28 17:00:10 +0000  8832 bytes for ./www/res/icon/ios/icon@2x.png
copying file ./www/res/icon/ios/icon-40.png ... 
2018-09-28 17:00:10 +0000  2442 bytes for ./www/res/icon/ios/icon-40.png
2018-09-28 17:00:10 +0000  copying file ./www/res/icon/ios/icon-50.png ... 
2018-09-28 17:00:10 +0000  3180 bytes for ./www/res/icon/ios/icon-50.png
copying file ./www/res/icon/ios/icon-small@3x.png ... 
2018-09-28 17:00:10 +0000  6413 bytes for ./www/res/icon/ios/icon-small@3x.png
2018-09-28 17:00:10 +0000  copying file ./www/res/icon/ios/icon-small@2x.png ... 
2018-09-28 17:00:10 +0000  3898 bytes for ./www/res/icon/ios/icon-small@2x.png
2018-09-28 17:00:10 +0000  copying file ./www/res/icon/wp8/Background.png ... 
2018-09-28 17:00:10 +0000  24685 bytes for ./www/res/icon/wp8/Background.png
2018-09-28 17:00:10 +0000  copying file ./www/res/icon/wp8/ApplicationIcon.png ... 
2018-09-28 17:00:10 +0000  12748 bytes for ./www/res/icon/wp8/ApplicationIcon.png
2018-09-28 17:00:10 +0000  copying file ./www/res/icon/android/drawable-mdpi-icon.png ... 
2018-09-28 17:00:10 +0000  3085 bytes for ./www/res/icon/android/drawable-mdpi-icon.png
2018-09-28 17:00:10 +0000  copying file ./www/res/icon/android/drawable-hdpi-icon.png ... 
2018-09-28 17:00:10 +0000  5119 bytes for ./www/res/icon/android/drawable-hdpi-icon.png
copying file ./www/res/icon/android/drawable-xxxhdpi-icon.png ... 
2018-09-28 17:00:10 +0000  16638 bytes for ./www/res/icon/android/drawable-xxxhdpi-icon.png
2018-09-28 17:00:10 +0000  copying file ./www/res/icon/android/drawable-xhdpi-icon.png ... 
2018-09-28 17:00:10 +0000  7153 bytes for ./www/res/icon/android/drawable-xhdpi-icon.png
copying file ./www/res/icon/android/drawable-xxhdpi-icon.png ... 
2018-09-28 17:00:10 +0000  11736 bytes for ./www/res/icon/android/drawable-xxhdpi-icon.png
2018-09-28 17:00:10 +0000  copying file ./www/res/icon/android/drawable-ldpi-icon.png ... 
2018-09-28 17:00:10 +0000  2192 bytes for ./www/res/icon/android/drawable-ldpi-icon.png
2018-09-28 17:00:10 +0000  copying file ./www/res/icon/windows/StoreLogo.scale-100.png ... 
2018-09-28 17:00:10 +0000  4147 bytes for ./www/res/icon/windows/StoreLogo.scale-100.png
2018-09-28 17:00:10 +0000  copying file ./www/res/icon/windows/Square70x70Logo.scale-100.png ... 
2018-09-28 17:00:10 +0000  7178 bytes for ./www/res/icon/windows/Square70x70Logo.scale-100.png
copying file ./www/res/icon/windows/Wide310x150Logo.scale-240.png ... 
2018-09-28 17:00:10 +0000  29614 bytes for ./www/res/icon/windows/Wide310x150Logo.scale-240.png
2018-09-28 17:00:10 +0000  copying file ./www/res/icon/windows/Square44x44Logo.scale-240.png ... 
2018-09-28 17:00:10 +0000  6408 bytes for ./www/res/icon/windows/Square44x44Logo.scale-240.png
2018-09-28 17:00:10 +0000  copying file ./www/res/icon/windows/Square150x150Logo.scale-240.png ... 
2018-09-28 17:00:10 +0000  22932 bytes for ./www/res/icon/windows/Square150x150Logo.scale-240.png
2018-09-28 17:00:10 +0000  copying file ./www/res/icon/windows/Square71x71Logo.scale-100.png ... 
2018-09-28 17:00:10 +0000  3681 bytes for ./www/res/icon/windows/Square71x71Logo.scale-100.png
copying file ./www/res/icon/windows/Square71x71Logo.scale-240.png ... 
2018-09-28 17:00:10 +0000  11120 bytes for ./www/res/icon/windows/Square71x71Logo.scale-240.png
2018-09-28 17:00:10 +0000  copying file ./www/res/icon/windows/Square310x310Logo.scale-100.png ... 
2018-09-28 17:00:10 +0000  59558 bytes for ./www/res/icon/windows/Square310x310Logo.scale-100.png
2018-09-28 17:00:10 +0000  copying file ./www/res/icon/windows/Wide310x150Logo.scale-100.png ... 
2018-09-28 17:00:10 +0000  12397 bytes for ./www/res/icon/windows/Wide310x150Logo.scale-100.png
copying file ./www/res/icon/windows/StoreLogo.scale-240.png ... 
2018-09-28 17:00:10 +0000  6979 bytes for ./www/res/icon/windows/StoreLogo.scale-240.png
2018-09-28 17:00:10 +0000  copying file ./www/res/icon/windows/Square44x44Logo.scale-100.png ... 
2018-09-28 17:00:10 +0000  3369 bytes for ./www/res/icon/windows/Square44x44Logo.scale-100.png
copying file ./www/res/icon/windows/Square150x150Logo.scale-100.png ... 
2018-09-28 17:00:10 +0000  21270 bytes for ./www/res/icon/windows/Square150x150Logo.scale-100.png
2018-09-28 17:00:10 +0000  copying file ./www/res/icon/windows/Square30x30Logo.scale-100.png ... 
2018-09-28 17:00:10 +0000  1924 bytes for ./www/res/icon/windows/Square30x30Logo.scale-100.png
2018-09-28 17:00:10 +0000  copying file ./www/index.html ... 
2018-09-28 17:00:10 +0000  21099 bytes for ./www/index.html
2018-09-28 17:00:10 +0000  copying file ./www/cordova.js ... 
2018-09-28 17:00:10 +0000  61623 bytes for ./www/cordova.js
2018-09-28 17:00:10 +0000  copying file ./www/images/fondo-estudia.jpg ... 
2018-09-28 17:00:10 +0000  47717 bytes for ./www/images/fondo-estudia.jpg
2018-09-28 17:00:10 +0000  copying file ./www/images/fondo-domicilio.jpg ... 
2018-09-28 17:00:10 +0000  65037 bytes for ./www/images/fondo-domicilio.jpg
2018-09-28 17:00:10 +0000  copying file ./www/images/boton-menu.png ... 
2018-09-28 17:00:10 +0000  2541 bytes for ./www/images/boton-menu.png
copying file ./www/images/check_radio_sheet.png ... 
2018-09-28 17:00:10 +0000  4343 bytes for ./www/images/check_radio_sheet.png
2018-09-28 17:00:10 +0000  copying file ./www/images/fondo-videos.jpg ... 
2018-09-28 17:00:10 +0000  211003 bytes for ./www/images/fondo-videos.jpg
2018-09-28 17:00:10 +0000  copying file ./www/images/fondo-menu.jpg ... 
2018-09-28 17:00:10 +0000  146319 bytes for ./www/images/fondo-menu.jpg
2018-09-28 17:00:10 +0000  copying file ./www/images/fondo-legal.jpg ... 
2018-09-28 17:00:10 +0000  40602 bytes for ./www/images/fondo-legal.jpg
2018-09-28 17:00:10 +0000  copying file ./www/images/btn-video.png ... 
2018-09-28 17:00:10 +0000  4920 bytes for ./www/images/btn-video.png
copying file ./www/images/fondos3.jpg ... 
2018-09-28 17:00:10 +0000  201194 bytes for ./www/images/fondos3.jpg
2018-09-28 17:00:10 +0000  copying file ./www/images/logo.png ... 
2018-09-28 17:00:10 +0000  652221 bytes for ./www/images/logo.png
copying file ./www/images/btn-home.png ... 
2018-09-28 17:00:10 +0000  5106 bytes for ./www/images/btn-home.png
2018-09-28 17:00:10 +0000  copying file ./www/images/fondo-inm.jpg ... 
2018-09-28 17:00:10 +0000  52226 bytes for ./www/images/fondo-inm.jpg
2018-09-28 17:00:10 +0000  copying file ./www/images/btn-oficinas.png ... 
2018-09-28 17:00:10 +0000  6411 bytes for ./www/images/btn-oficinas.png
2018-09-28 17:00:10 +0000  copying file ./www/images/logo-menu.png ... 
2018-09-28 17:00:10 +0000  22971 bytes for ./www/images/logo-menu.png
copying file ./www/images/btn-domicilio.png ... 
2018-09-28 17:00:10 +0000  8713 bytes for ./www/images/btn-domicilio.png
copying file ./www/images/fondo.jpg ... 
2018-09-28 17:00:10 +0000  85822 bytes for ./www/images/fondo.jpg
2018-09-28 17:00:10 +0000  copying file ./www/plugins/cordova-plugin-file/www/requestFileSystem.js ... 
2018-09-28 17:00:10 +0000  3244 bytes for ./www/plugins/cordova-plugin-file/www/requestFileSystem.js
2018-09-28 17:00:10 +0000  copying file ./www/plugins/cordova-plugin-file/www/DirectoryEntry.js ... 
2018-09-28 17:00:10 +0000  4681 bytes for ./www/plugins/cordova-plugin-file/www/DirectoryEntry.js
copying file ./www/plugins/cordova-plugin-file/www/FileSystem.js ... 
2018-09-28 17:00:10 +0000  1960 bytes for ./www/plugins/cordova-plugin-file/www/FileSystem.js
2018-09-28 17:00:10 +0000  copying file ./www/plugins/cordova-plugin-file/www/Flags.js ... 
2018-09-28 17:00:10 +0000  1336 bytes for ./www/plugins/cordova-plugin-file/www/Flags.js
copying file ./www/plugins/cordova-plugin-file/www/fileSystemPaths.js ... 
2018-09-28 17:00:10 +0000  2548 bytes for ./www/plugins/cordova-plugin-file/www/fileSystemPaths.js
2018-09-28 17:00:10 +0000  copying file ./www/plugins/cordova-plugin-file/www/FileEntry.js ... 
2018-09-28 17:00:10 +0000  3423 bytes for ./www/plugins/cordova-plugin-file/www/FileEntry.js
2018-09-28 17:00:10 +0000  copying file ./www/plugins/cordova-plugin-file/www/fileSystems.js ... 
2018-09-28 17:00:10 +0000  1047 bytes for ./www/plugins/cordova-plugin-file/www/fileSystems.js
copying file ./www/plugins/cordova-plugin-file/www/DirectoryReader.js ... 
2018-09-28 17:00:10 +0000  2724 bytes for ./www/plugins/cordova-plugin-file/www/DirectoryReader.js
2018-09-28 17:00:10 +0000  copying file ./www/plugins/cordova-plugin-file/www/Metadata.js ... 
2018-09-28 17:00:10 +0000  1488 bytes for ./www/plugins/cordova-plugin-file/www/Metadata.js
2018-09-28 17:00:10 +0000  copying file ./www/plugins/cordova-plugin-file/www/ios/FileSystem.js ... 
2018-09-28 17:00:10 +0000  1222 bytes for ./www/plugins/cordova-plugin-file/www/ios/FileSystem.js
2018-09-28 17:00:10 +0000  copying file ./www/plugins/cordova-plugin-file/www/browser/isChrome.js ... 
2018-09-28 17:00:10 +0000  1232 bytes for ./www/plugins/cordova-plugin-file/www/browser/isChrome.js
2018-09-28 17:00:10 +0000  copying file ./www/plugins/cordova-plugin-file/www/LocalFileSystem.js ... 
2018-09-28 17:00:10 +0000  957 bytes for ./www/plugins/cordova-plugin-file/www/LocalFileSystem.js
2018-09-28 17:00:10 +0000  copying file ./www/plugins/cordova-plugin-file/www/FileReader.js ... 
2018-09-28 17:00:10 +0000  10523 bytes for ./www/plugins/cordova-plugin-file/www/FileReader.js
2018-09-28 17:00:10 +0000  copying file ./www/plugins/cordova-plugin-file/www/fileSystems-roots.js ... 
2018-09-28 17:00:10 +0000  1598 bytes for ./www/plugins/cordova-plugin-file/www/fileSystems-roots.js
copying file ./www/plugins/cordova-plugin-file/www/FileUploadOptions.js ... 
2018-09-28 17:00:10 +0000  1831 bytes for ./www/plugins/cordova-plugin-file/www/FileUploadOptions.js
copying file ./www/plugins/cordova-plugin-file/www/FileWriter.js ... 
2018-09-28 17:00:10 +0000  10544 bytes for ./www/plugins/cordova-plugin-file/www/FileWriter.js
2018-09-28 17:00:10 +0000  copying file ./www/plugins/cordova-plugin-file/www/FileError.js ... 
2018-09-28 17:00:10 +0000  1483 bytes for ./www/plugins/cordova-plugin-file/www/FileError.js
2018-09-28 17:00:10 +0000  copying file ./www/plugins/cordova-plugin-file/www/FileUploadResult.js ... 
2018-09-28 17:00:10 +0000  1111 bytes for ./www/plugins/cordova-plugin-file/www/FileUploadResult.js
2018-09-28 17:00:10 +0000  copying file ./www/plugins/cordova-plugin-file/www/ProgressEvent.js ... 
2018-09-28 17:00:10 +0000  2544 bytes for ./www/plugins/cordova-plugin-file/www/ProgressEvent.js
2018-09-28 17:00:10 +0000  copying file ./www/plugins/cordova-plugin-file/www/File.js ... 
2018-09-28 17:00:10 +0000  2714 bytes for ./www/plugins/cordova-plugin-file/www/File.js
2018-09-28 17:00:10 +0000  copying file ./www/plugins/cordova-plugin-file/www/resolveLocalFileSystemURI.js ... 
2018-09-28 17:00:10 +0000  4325 bytes for ./www/plugins/cordova-plugin-file/www/resolveLocalFileSystemURI.js
copying file ./www/plugins/cordova-plugin-file/www/Entry.js ... 
2018-09-28 17:00:10 +0000  9869 bytes for ./www/plugins/cordova-plugin-file/www/Entry.js
2018-09-28 17:00:10 +0000  copying file ./www/plugins/cordova-plugin-inappbrowser/www/inappbrowser.js ... 
2018-09-28 17:00:10 +0000  4309 bytes for ./www/plugins/cordova-plugin-inappbrowser/www/inappbrowser.js
2018-09-28 17:00:10 +0000  copying file ./www/plugins/cordova-plugin-device/www/device.js ... 
2018-09-28 17:00:10 +0000  3070 bytes for ./www/plugins/cordova-plugin-device/www/device.js
2018-09-28 17:00:10 +0000  copying file ./www/plugins/cordova-plugin-geolocation/www/geolocation.js ... 
2018-09-28 17:00:10 +0000  8629 bytes for ./www/plugins/cordova-plugin-geolocation/www/geolocation.js
copying file ./www/plugins/cordova-plugin-geolocation/www/PositionError.js ... 
2018-09-28 17:00:10 +0000  1376 bytes for ./www/plugins/cordova-plugin-geolocation/www/PositionError.js
copying file ./www/plugins/cordova-plugin-geolocation/www/Coordinates.js ... 
2018-09-28 17:00:10 +0000  2075 bytes for ./www/plugins/cordova-plugin-geolocation/www/Coordinates.js
copying file ./www/plugins/cordova-plugin-geolocation/www/Position.js ... 
2018-09-28 17:00:10 +0000  1358 bytes for ./www/plugins/cordova-plugin-geolocation/www/Position.js
2018-09-28 17:00:10 +0000  copying file ./www/plugins/cordova-plugin-device-orientation/www/CompassError.js ... 
2018-09-28 17:00:10 +0000  1239 bytes for ./www/plugins/cordova-plugin-device-orientation/www/CompassError.js
2018-09-28 17:00:10 +0000  copying file ./www/plugins/cordova-plugin-device-orientation/www/CompassHeading.js ... 
2018-09-28 17:00:10 +0000  1222 bytes for ./www/plugins/cordova-plugin-device-orientation/www/CompassHeading.js
copying file ./www/plugins/cordova-plugin-device-orientation/www/compass.js ... 
2018-09-28 17:00:10 +0000  5111 bytes for ./www/plugins/cordova-plugin-device-orientation/www/compass.js
2018-09-28 17:00:10 +0000  copying file ./www/plugins/cordova-plugin-contacts/www/ContactError.js ... 
2018-09-28 17:00:10 +0000  1479 bytes for ./www/plugins/cordova-plugin-contacts/www/ContactError.js
2018-09-28 17:00:10 +0000  copying file ./www/plugins/cordova-plugin-contacts/www/ContactAddress.js ... 
2018-09-28 17:00:10 +0000  1668 bytes for ./www/plugins/cordova-plugin-contacts/www/ContactAddress.js
copying file ./www/plugins/cordova-plugin-contacts/www/ContactFindOptions.js ... 
2018-09-28 17:00:10 +0000  1648 bytes for ./www/plugins/cordova-plugin-contacts/www/ContactFindOptions.js
2018-09-28 17:00:10 +0000  copying file ./www/plugins/cordova-plugin-contacts/www/ContactField.js ... 
2018-09-28 17:00:10 +0000  1376 bytes for ./www/plugins/cordova-plugin-contacts/www/ContactField.js
copying file ./www/plugins/cordova-plugin-contacts/www/ContactOrganization.js ... 
2018-09-28 17:00:10 +0000  1355 bytes for ./www/plugins/cordova-plugin-contacts/www/ContactOrganization.js
copying file ./www/plugins/cordova-plugin-contacts/www/contacts.js ... 
2018-09-28 17:00:10 +0000  3653 bytes for ./www/plugins/cordova-plugin-contacts/www/contacts.js
2018-09-28 17:00:10 +0000  copying file ./www/plugins/cordova-plugin-contacts/www/ios/contacts.js ... 
2018-09-28 17:00:10 +0000  2470 bytes for ./www/plugins/cordova-plugin-contacts/www/ios/contacts.js
2018-09-28 17:00:10 +0000  copying file ./www/plugins/cordova-plugin-contacts/www/ios/Contact.js ... 
2018-09-28 17:00:10 +0000  1829 bytes for ./www/plugins/cordova-plugin-contacts/www/ios/Contact.js
2018-09-28 17:00:10 +0000  copying file ./www/plugins/cordova-plugin-contacts/www/ContactName.js ... 
2018-09-28 17:00:10 +0000  1455 bytes for ./www/plugins/cordova-plugin-contacts/www/ContactName.js
2018-09-28 17:00:10 +0000  copying file ./www/plugins/cordova-plugin-contacts/www/Contact.js ... 
2018-09-28 17:00:10 +0000  5742 bytes for ./www/plugins/cordova-plugin-contacts/www/Contact.js
2018-09-28 17:00:10 +0000  copying file ./www/plugins/cordova-plugin-contacts/www/ContactFieldType.js ... 
2018-09-28 17:00:10 +0000  2059 bytes for ./www/plugins/cordova-plugin-contacts/www/ContactFieldType.js
2018-09-28 17:00:10 +0000  copying file ./www/plugins/cordova-plugin-console/www/logger.js ... 
2018-09-28 17:00:10 +0000  10323 bytes for ./www/plugins/cordova-plugin-console/www/logger.js
2018-09-28 17:00:10 +0000  copying file ./www/plugins/cordova-plugin-console/www/console-via-logger.js ... 
2018-09-28 17:00:10 +0000  6896 bytes for ./www/plugins/cordova-plugin-console/www/console-via-logger.js
2018-09-28 17:00:10 +0000  copying file ./www/plugins/cordova-plugin-globalization/www/globalization.js ... 
2018-09-28 17:00:10 +0000  18085 bytes for ./www/plugins/cordova-plugin-globalization/www/globalization.js
2018-09-28 17:00:10 +0000  copying file ./www/plugins/cordova-plugin-globalization/www/GlobalizationError.js ... 
2018-09-28 17:00:10 +0000  1354 bytes for ./www/plugins/cordova-plugin-globalization/www/GlobalizationError.js
2018-09-28 17:00:10 +0000  copying file ./www/plugins/cordova-plugin-device-motion/www/Acceleration.js ... 
2018-09-28 17:00:10 +0000  1107 bytes for ./www/plugins/cordova-plugin-device-motion/www/Acceleration.js
2018-09-28 17:00:10 +0000  copying file ./www/plugins/cordova-plugin-device-motion/www/accelerometer.js ... 
2018-09-28 17:00:10 +0000  6878 bytes for ./www/plugins/cordova-plugin-device-motion/www/accelerometer.js
2018-09-28 17:00:10 +0000  copying file ./www/plugins/cordova-plugin-dialogs/www/notification.js ... 
2018-09-28 17:00:10 +0000  5378 bytes for ./www/plugins/cordova-plugin-dialogs/www/notification.js
2018-09-28 17:00:10 +0000  copying file ./www/plugins/cordova-plugin-camera/www/CameraPopoverOptions.js ... 
2018-09-28 17:00:10 +0000  2297 bytes for ./www/plugins/cordova-plugin-camera/www/CameraPopoverOptions.js
2018-09-28 17:00:10 +0000  copying file ./www/plugins/cordova-plugin-camera/www/ios/CameraPopoverHandle.js ... 
2018-09-28 17:00:10 +0000  2069 bytes for ./www/plugins/cordova-plugin-camera/www/ios/CameraPopoverHandle.js
2018-09-28 17:00:10 +0000  copying file ./www/plugins/cordova-plugin-camera/www/CameraConstants.js ... 
2018-09-28 17:00:10 +0000  2450 bytes for ./www/plugins/cordova-plugin-camera/www/CameraConstants.js
copying file ./www/plugins/cordova-plugin-camera/www/Camera.js ... 
2018-09-28 17:00:10 +0000  8244 bytes for ./www/plugins/cordova-plugin-camera/www/Camera.js
2018-09-28 17:00:10 +0000  copying file ./www/plugins/cordova-plugin-battery-status/www/battery.js ... 
2018-09-28 17:00:10 +0000  4027 bytes for ./www/plugins/cordova-plugin-battery-status/www/battery.js
2018-09-28 17:00:10 +0000  copying file ./www/js/videos.js ... 
2018-09-28 17:00:10 +0000  7410 bytes for ./www/js/videos.js
2018-09-28 17:00:10 +0000  copying file ./www/spec/index.js ... 
2018-09-28 17:00:10 +0000  2604 bytes for ./www/spec/index.js
2018-09-28 17:00:10 +0000  copying file ./www/spec/lib/jasmine-1.2.0/jasmine.css ... 
2018-09-28 17:00:10 +0000  6444 bytes for ./www/spec/lib/jasmine-1.2.0/jasmine.css
copying file ./www/spec/lib/jasmine-1.2.0/MIT.LICENSE ... 
2018-09-28 17:00:10 +0000  1061 bytes for ./www/spec/lib/jasmine-1.2.0/MIT.LICENSE
2018-09-28 17:00:10 +0000  copying file ./www/spec/lib/jasmine-1.2.0/jasmine.js ... 
2018-09-28 17:00:10 +0000  68641 bytes for ./www/spec/lib/jasmine-1.2.0/jasmine.js
2018-09-28 17:00:10 +0000  copying file ./www/spec/lib/jasmine-1.2.0/jasmine-html.js ... 
2018-09-28 17:00:10 +0000  19065 bytes for ./www/spec/lib/jasmine-1.2.0/jasmine-html.js
2018-09-28 17:00:10 +0000  copying file ./www/spec/helper.js ... 
2018-09-28 17:00:10 +0000  1264 bytes for ./www/spec/helper.js
2018-09-28 17:00:10 +0000  copying file ./www/cordova-js-src/exec.js ... 
2018-09-28 17:00:10 +0000  8877 bytes for ./www/cordova-js-src/exec.js
2018-09-28 17:00:10 +0000  copying file ./www/cordova-js-src/platform.js ... 
2018-09-28 17:00:10 +0000  943 bytes for ./www/cordova-js-src/platform.js
2018-09-28 17:00:10 +0000  copying file ./www/style.css ... 
2018-09-28 17:00:10 +0000  5718 bytes for ./www/style.css
2018-09-28 17:00:10 +0000  copying file ./www/jquery-mobile/jquery-1.11.1.min.js ... 
2018-09-28 17:00:10 +0000  95786 bytes for ./www/jquery-mobile/jquery-1.11.1.min.js
2018-09-28 17:00:10 +0000  copying file ./www/jquery-mobile/images/ajax-loader.gif ... 
2018-09-28 17:00:10 +0000  7825 bytes for ./www/jquery-mobile/images/ajax-loader.gif
2018-09-28 17:00:10 +0000  copying file ./www/jquery-mobile/images/icons-18-black.png ... 
2018-09-28 17:00:10 +0000  1968 bytes for ./www/jquery-mobile/images/icons-18-black.png
copying file ./www/jquery-mobile/images/icons-36-white.png ... 
2018-09-28 17:00:10 +0000  3861 bytes for ./www/jquery-mobile/images/icons-36-white.png
2018-09-28 17:00:10 +0000  copying file ./www/jquery-mobile/images/icons-18-white.png ... 
2018-09-28 17:00:10 +0000  1988 bytes for ./www/jquery-mobile/images/icons-18-white.png
copying file ./www/jquery-mobile/images/icons-36-black.png ... 
2018-09-28 17:00:10 +0000  3859 bytes for ./www/jquery-mobile/images/icons-36-black.png
2018-09-28 17:00:10 +0000  copying file ./www/jquery-mobile/jquery.mobile.structure-1.3.0.min.css ... 
2018-09-28 17:00:10 +0000  70813 bytes for ./www/jquery-mobile/jquery.mobile.structure-1.3.0.min.css
2018-09-28 17:00:10 +0000  copying file ./www/jquery-mobile/jquery.mobile-1.3.0.min.js ... 
2018-09-28 17:00:10 +0000  144439 bytes for ./www/jquery-mobile/jquery.mobile-1.3.0.min.js
2018-09-28 17:00:10 +0000  copying file ./www/jquery-mobile/jquery.mobile-1.4.5.css ... 
2018-09-28 17:00:10 +0000  239560 bytes for ./www/jquery-mobile/jquery.mobile-1.4.5.css
2018-09-28 17:00:10 +0000  copying file ./www/jquery-mobile/jquery.tubular.js ... 
2018-09-28 17:00:10 +0000  6166 bytes for ./www/jquery-mobile/jquery.tubular.js
2018-09-28 17:00:10 +0000  copying file ./www/jquery-mobile/jquery.youtubebackground.js ... 
2018-09-28 17:00:10 +0000  9262 bytes for ./www/jquery-mobile/jquery.youtubebackground.js
copying file ./www/jquery-mobile/jquery.mobile.theme-1.3.0.min.css ... 
2018-09-28 17:00:10 +0000  24092 bytes for ./www/jquery-mobile/jquery.mobile.theme-1.3.0.min.css
2018-09-28 17:00:10 +0000  copying file ./www/cordova_plugins.js ... 
2018-09-28 17:00:10 +0000  13896 bytes for ./www/cordova_plugins.js
2018-09-28 17:00:10 +0000  copying file ./www/spec.html ... 
2018-09-28 17:00:10 +0000  2532 bytes for ./www/spec.html
copying file ./LaunchImage-700-Portrait~ipad.png ... 
2018-09-28 17:00:10 +0000  74890 bytes for ./LaunchImage-700-Portrait~ipad.png
2018-09-28 17:00:10 +0000  copying file ./Assets.car ... 
2018-09-28 17:00:10 +0000  125608 bytes for ./Assets.car
2018-09-28 17:00:10 +0000  copying file ./LaunchImage-800-Portrait-736h@3x.png ... 
2018-09-28 17:00:10 +0000  62285 bytes for ./LaunchImage-800-Portrait-736h@3x.png
2018-09-28 17:00:10 +0000  copying file ./AppIcon72x72~ipad.png ... 
2018-09-28 17:00:10 +0000  15012 bytes for ./AppIcon72x72~ipad.png
2018-09-28 17:00:10 +0000  copying file ./CDVLaunchScreen.storyboardc/01J-lp-oVM-view-Ze5-6b-2t3.nib ... 
2018-09-28 17:00:10 +0000  2288 bytes for ./CDVLaunchScreen.storyboardc/01J-lp-oVM-view-Ze5-6b-2t3.nib
2018-09-28 17:00:10 +0000  copying file ./CDVLaunchScreen.storyboardc/UIViewController-01J-lp-oVM.nib ... 
2018-09-28 17:00:10 +0000  832 bytes for ./CDVLaunchScreen.storyboardc/UIViewController-01J-lp-oVM.nib
copying file ./CDVLaunchScreen.storyboardc/Info.plist ... 
2018-09-28 17:00:10 +0000  258 bytes for ./CDVLaunchScreen.storyboardc/Info.plist
2018-09-28 17:00:10 +0000  copying file ./LaunchImage-700@2x.png ... 
2018-09-28 17:00:10 +0000  55319 bytes for ./LaunchImage-700@2x.png
2018-09-28 17:00:10 +0000  copying file ./LaunchImage-700-568h@2x.png ... 
2018-09-28 17:00:10 +0000  61990 bytes for ./LaunchImage-700-568h@2x.png
2018-09-28 17:00:10 +0000  copying file ./CDVNotification.bundle/beep.wav ... 
2018-09-28 17:00:10 +0000  8114 bytes for ./CDVNotification.bundle/beep.wav
2018-09-28 17:00:10 +0000  copying file ./LaunchImage-700-Landscape@2x~ipad.png ... 
2018-09-28 17:00:10 +0000  161722 bytes for ./LaunchImage-700-Landscape@2x~ipad.png
2018-09-28 17:00:10 +0000  copying file ./LaunchImage.png ... 
2018-09-28 17:00:10 +0000  20021 bytes for ./LaunchImage.png
copying file ./LaunchImage-800-Landscape-736h@3x.png ... 
2018-09-28 17:00:10 +0000  63597 bytes for ./LaunchImage-800-Landscape-736h@3x.png
copying file ./LaunchImage-700-Portrait@2x~ipad.png ... 
2018-09-28 17:00:10 +0000  154923 bytes for ./LaunchImage-700-Portrait@2x~ipad.png
2018-09-28 17:00:10 +0000  copying file ./LaunchImage-700-Landscape~ipad.png ... 
2018-09-28 17:00:10 +0000  76512 bytes for ./LaunchImage-700-Landscape~ipad.png
2018-09-28 17:00:10 +0000  copying file ./Info.plist ... 
2018-09-28 17:00:10 +0000  1898 bytes for ./Info.plist
copying file ./PkgInfo ... 
2018-09-28 17:00:10 +0000  8 bytes for ./PkgInfo
2018-09-28 17:00:10 +0000  /usr/bin/ditto exited with 0
2018-09-28 17:00:10 +0000  Processing step: IDEDistributionEmbedProfileStep
2018-09-28 17:00:10 +0000  Skipping profile for item: <IDEDistributionItem: 0x7fd65a1fbad0 'com.creaxid.appvisas' '<DVTFilePath:0x7fd655765af0:'/Users/davidleal/Library/Developer/Xcode/Archives/2018-09-28/App Visas 9-28-18, 11.22 AM.xcarchive/Products/Applications/App Visas.app'>'>
2018-09-28 17:00:10 +0000  Processing step: IDEDistributionAppThinningPlistStep
2018-09-28 17:00:10 +0000  Skipping step: IDEDistributionAppThinningPlistStep because it said so
2018-09-28 17:00:10 +0000  Processing step: IDEDistributionCompileBitcodeStep
2018-09-28 17:00:10 +0000  Skipping step: IDEDistributionCompileBitcodeStep because it said so
2018-09-28 17:00:10 +0000  Processing step: IDEDistributionCodeSlimmingStep
2018-09-28 17:00:10 +0000  Processing step: IDEDistributionCopyBCSymbolMapsStep
2018-09-28 17:00:10 +0000  Skipping step: IDEDistributionCopyBCSymbolMapsStep because it said so
2018-09-28 17:00:10 +0000  Processing step: IDEDistributionSymbolsStep
2018-09-28 17:00:10 +0000  Skipping step: IDEDistributionSymbolsStep because it said so
2018-09-28 17:00:10 +0000  Processing step: IDEDistributionAppThinningStep
2018-09-28 17:00:10 +0000  Skipping step: IDEDistributionAppThinningStep because it said so
2018-09-28 17:00:10 +0000  Processing step: IDEDistributionODRStep
2018-09-28 17:00:10 +0000  Processing step: IDEDistributionStripXattrsStep
2018-09-28 17:00:10 +0000  Running /usr/bin/xattr '-crs' '/var/folders/kx/y5lqrvjx6z7blr_xsj0kwp680000gn/T/XcodeDistPipeline.jTG/Root/Payload/App Visas.app'
2018-09-28 17:00:10 +0000  /usr/bin/xattr exited with 0
2018-09-28 17:00:10 +0000  Processing step: IDEDistributionCodesignStep
2018-09-28 17:00:10 +0000  Entitlements for <IDEDistributionItem: 0x7fd65a1fbad0 'com.creaxid.appvisas' '<DVTFilePath:0x7fd655765af0:'/Users/davidleal/Library/Developer/Xcode/Archives/2018-09-28/App Visas 9-28-18, 11.22 AM.xcarchive/Products/Applications/App Visas.app'>'>: {
    "application-identifier" = "KC4KVEZ5WK.com.creaxid.appvisas";
    "com.apple.developer.team-identifier" = KC4KVEZ5WK;
}
2018-09-28 17:00:10 +0000  Writing entitlements for <IDEDistributionItem: 0x7fd65a1fbad0 'com.creaxid.appvisas' '<DVTFilePath:0x7fd655765af0:'/Users/davidleal/Library/Developer/Xcode/Archives/2018-09-28/App Visas 9-28-18, 11.22 AM.xcarchive/Products/Applications/App Visas.app'>'> to: /var/folders/kx/y5lqrvjx6z7blr_xsj0kwp680000gn/T/XcodeDistPipeline.jTG/entitlementskwgGoJ
2018-09-28 17:00:10 +0000  Running /usr/bin/codesign '-vvv' '--force' '--sign' '33BE646D93339D8E1577298A2844483AABCE9CF5' '--entitlements' '/var/folders/kx/y5lqrvjx6z7blr_xsj0kwp680000gn/T/XcodeDistPipeline.jTG/entitlementskwgGoJ' '--preserve-metadata=identifier,flags,runtime' '/var/folders/kx/y5lqrvjx6z7blr_xsj0kwp680000gn/T/XcodeDistPipeline.jTG/Root/Payload/App Visas.app'
2018-09-28 17:00:10 +0000  /var/folders/kx/y5lqrvjx6z7blr_xsj0kwp680000gn/T/XcodeDistPipeline.jTG/Root/Payload/App Visas.app: replacing existing signature
2018-09-28 17:00:19 +0000  /var/folders/kx/y5lqrvjx6z7blr_xsj0kwp680000gn/T/XcodeDistPipeline.jTG/Root/Payload/App Visas.app: signed app bundle with Mach-O universal (armv7 arm64) [com.creaxid.appvisas]
2018-09-28 17:00:19 +0000  /usr/bin/codesign exited with 0
2018-09-28 17:00:19 +0000  Processing step: IDEDistributionZipODRItemStep
2018-09-28 17:00:19 +0000  Skipping step: IDEDistributionZipODRItemStep because it said so
2018-09-28 17:00:19 +0000  Processing step: IDEDistributionCreateIPAStep
2018-09-28 17:00:19 +0000  Running /usr/bin/ditto '-V' '-c' '-k' '--norsrc' '/var/folders/kx/y5lqrvjx6z7blr_xsj0kwp680000gn/T/XcodeDistPipeline.jTG/Root' '/var/folders/kx/y5lqrvjx6z7blr_xsj0kwp680000gn/T/XcodeDistPipeline.jTG/Packages/App Visas.ipa'
2018-09-28 17:00:19 +0000  >>> Copying /var/folders/kx/y5lqrvjx6z7blr_xsj0kwp680000gn/T/XcodeDistPipeline.jTG/Root 
2018-09-28 17:00:19 +0000  
2018-09-28 17:00:19 +0000  copying file ./Payload/App Visas.app/_CodeSignature/CodeResources ... 
2018-09-28 17:00:19 +0000  63681 bytes for ./Payload/App Visas.app/_CodeSignature/CodeResources
copying file ./Payload/App Visas.app/LaunchImage@2x.png ... 
2018-09-28 17:00:19 +0000  55319 bytes for ./Payload/App Visas.app/LaunchImage@2x.png
2018-09-28 17:00:19 +0000  copying file ./Payload/App Visas.app/MainViewController.nib ... 
2018-09-28 17:00:19 +0000  943 bytes for ./Payload/App Visas.app/MainViewController.nib
copying file ./Payload/App Visas.app/App Visas ... 
2018-09-28 17:00:19 +0000  975120 bytes for ./Payload/App Visas.app/App Visas
2018-09-28 17:00:19 +0000  copying file ./Payload/App Visas.app/LaunchImage-568h@2x.png ... 
2018-09-28 17:00:19 +0000  61990 bytes for ./Payload/App Visas.app/LaunchImage-568h@2x.png
2018-09-28 17:00:19 +0000  copying file ./Payload/App Visas.app/LaunchImage-800-667h@2x.png ... 
2018-09-28 17:00:19 +0000  52100 bytes for ./Payload/App Visas.app/LaunchImage-800-667h@2x.png
2018-09-28 17:00:19 +0000  copying file ./Payload/App Visas.app/LaunchImage-Portrait@2x~ipad.png ... 
2018-09-28 17:00:19 +0000  154923 bytes for ./Payload/App Visas.app/LaunchImage-Portrait@2x~ipad.png
2018-09-28 17:00:19 +0000  copying file ./Payload/App Visas.app/AppIcon57x57@2x.png ... 
2018-09-28 17:00:19 +0000  32153 bytes for ./Payload/App Visas.app/AppIcon57x57@2x.png
copying file ./Payload/App Visas.app/LaunchImage-Portrait~ipad.png ... 
2018-09-28 17:00:19 +0000  74890 bytes for ./Payload/App Visas.app/LaunchImage-Portrait~ipad.png
copying file ./Payload/App Visas.app/config.xml ... 
2018-09-28 17:00:19 +0000  4147 bytes for ./Payload/App Visas.app/config.xml
2018-09-28 17:00:19 +0000  copying file ./Payload/App Visas.app/www/res/screen/ios/Default-568h@2x~iphone.png ... 
2018-09-28 17:00:19 +0000  162246 bytes for ./Payload/App Visas.app/www/res/screen/ios/Default-568h@2x~iphone.png
copying file ./Payload/App Visas.app/www/res/screen/ios/Default-Portrait@2x~ipad.png ... 
2018-09-28 17:00:19 +0000  364391 bytes for ./Payload/App Visas.app/www/res/screen/ios/Default-Portrait@2x~ipad.png
copying file ./Payload/App Visas.app/www/res/screen/ios/Default-Landscape~ipad.png ... 
2018-09-28 17:00:19 +0000  101746 bytes for ./Payload/App Visas.app/www/res/screen/ios/Default-Landscape~ipad.png
copying file ./Payload/App Visas.app/www/res/screen/ios/Default-Portrait~ipad.png ... 
2018-09-28 17:00:20 +0000  163007 bytes for ./Payload/App Visas.app/www/res/screen/ios/Default-Portrait~ipad.png
copying file ./Payload/App Visas.app/www/res/screen/ios/Default-736h.png ... 
2018-09-28 17:00:20 +0000  323013 bytes for ./Payload/App Visas.app/www/res/screen/ios/Default-736h.png
2018-09-28 17:00:20 +0000  copying file ./Payload/App Visas.app/www/res/screen/ios/Default~iphone.png ... 
2018-09-28 17:00:20 +0000  56076 bytes for ./Payload/App Visas.app/www/res/screen/ios/Default~iphone.png
copying file ./Payload/App Visas.app/www/res/screen/ios/Default-Landscape@2x~ipad.png ... 
2018-09-28 17:00:20 +0000  277592 bytes for ./Payload/App Visas.app/www/res/screen/ios/Default-Landscape@2x~ipad.png
2018-09-28 17:00:20 +0000  copying file ./Payload/App Visas.app/www/res/screen/ios/Default-Landscape-736h.png ... 
2018-09-28 17:00:20 +0000  215019 bytes for ./Payload/App Visas.app/www/res/screen/ios/Default-Landscape-736h.png
copying file ./Payload/App Visas.app/www/res/screen/ios/Default@2x~iphone.png ... 
2018-09-28 17:00:20 +0000  166101 bytes for ./Payload/App Visas.app/www/res/screen/ios/Default@2x~iphone.png
2018-09-28 17:00:20 +0000  copying file ./Payload/App Visas.app/www/res/screen/ios/Default-667h.png ... 
2018-09-28 17:00:20 +0000  186571 bytes for ./Payload/App Visas.app/www/res/screen/ios/Default-667h.png
2018-09-28 17:00:20 +0000  copying file ./Payload/App Visas.app/www/res/screen/wp8/screen-portrait.jpg ... 
2018-09-28 17:00:20 +0000  56486 bytes for ./Payload/App Visas.app/www/res/screen/wp8/screen-portrait.jpg
2018-09-28 17:00:20 +0000  copying file ./Payload/App Visas.app/www/res/screen/android/drawable-port-xxhdpi-screen.png ... 
2018-09-28 17:00:20 +0000  210729 bytes for ./Payload/App Visas.app/www/res/screen/android/drawable-port-xxhdpi-screen.png
copying file ./Payload/App Visas.app/www/res/screen/android/drawable-port-xhdpi-screen.png ... 
2018-09-28 17:00:20 +0000  186472 bytes for ./Payload/App Visas.app/www/res/screen/android/drawable-port-xhdpi-screen.png
copying file ./Payload/App Visas.app/www/res/screen/android/drawable-port-xxxhdpi-screen.png ... 
2018-09-28 17:00:20 +0000  250447 bytes for ./Payload/App Visas.app/www/res/screen/android/drawable-port-xxxhdpi-screen.png
2018-09-28 17:00:20 +0000  copying file ./Payload/App Visas.app/www/res/screen/android/drawable-land-xxhdpi-screen.png ... 
2018-09-28 17:00:20 +0000  184401 bytes for ./Payload/App Visas.app/www/res/screen/android/drawable-land-xxhdpi-screen.png
copying file ./Payload/App Visas.app/www/res/screen/android/drawable-land-xhdpi-screen.png ... 
2018-09-28 17:00:20 +0000  116889 bytes for ./Payload/App Visas.app/www/res/screen/android/drawable-land-xhdpi-screen.png
2018-09-28 17:00:20 +0000  copying file ./Payload/App Visas.app/www/res/screen/android/drawable-port-hdpi-screen.png ... 
2018-09-28 17:00:20 +0000  112609 bytes for ./Payload/App Visas.app/www/res/screen/android/drawable-port-hdpi-screen.png
2018-09-28 17:00:20 +0000  copying file ./Payload/App Visas.app/www/res/screen/android/drawable-land-mdpi-screen.png ... 
2018-09-28 17:00:20 +0000  30152 bytes for ./Payload/App Visas.app/www/res/screen/android/drawable-land-mdpi-screen.png
copying file ./Payload/App Visas.app/www/res/screen/android/drawable-port-ldpi-screen.png ... 
2018-09-28 17:00:20 +0000  36000 bytes for ./Payload/App Visas.app/www/res/screen/android/drawable-port-ldpi-screen.png
2018-09-28 17:00:20 +0000  copying file ./Payload/App Visas.app/www/res/screen/android/drawable-land-xxxhdpi-screen.png ... 
2018-09-28 17:00:20 +0000  255796 bytes for ./Payload/App Visas.app/www/res/screen/android/drawable-land-xxxhdpi-screen.png
copying file ./Payload/App Visas.app/www/res/screen/android/drawable-port-mdpi-screen.png ... 
2018-09-28 17:00:20 +0000  60742 bytes for ./Payload/App Visas.app/www/res/screen/android/drawable-port-mdpi-screen.png
copying file ./Payload/App Visas.app/www/res/screen/android/drawable-land-ldpi-screen.png ... 
2018-09-28 17:00:20 +0000  17452 bytes for ./Payload/App Visas.app/www/res/screen/android/drawable-land-ldpi-screen.png
copying file ./Payload/App Visas.app/www/res/screen/android/drawable-land-hdpi-screen.png ... 
2018-09-28 17:00:20 +0000  60267 bytes for ./Payload/App Visas.app/www/res/screen/android/drawable-land-hdpi-screen.png
2018-09-28 17:00:20 +0000  copying file ./Payload/App Visas.app/www/res/screen/windows/SplashScreen.scale-100.png ... 
2018-09-28 17:00:20 +0000  38915 bytes for ./Payload/App Visas.app/www/res/screen/windows/SplashScreen.scale-100.png
2018-09-28 17:00:20 +0000  copying file ./Payload/App Visas.app/www/res/screen/windows/SplashScreenPhone.scale-240.png ... 
2018-09-28 17:00:20 +0000  247521 bytes for ./Payload/App Visas.app/www/res/screen/windows/SplashScreenPhone.scale-240.png
2018-09-28 17:00:20 +0000  copying file ./Payload/App Visas.app/www/res/icon/ios/icon.png ... 
2018-09-28 17:00:20 +0000  3770 bytes for ./Payload/App Visas.app/www/res/icon/ios/icon.png
copying file ./Payload/App Visas.app/www/res/icon/ios/icon-76@2x.png ... 
2018-09-28 17:00:20 +0000  12483 bytes for ./Payload/App Visas.app/www/res/icon/ios/icon-76@2x.png
copying file ./Payload/App Visas.app/www/res/icon/ios/icon-40@2x.png ... 
2018-09-28 17:00:20 +0000  5734 bytes for ./Payload/App Visas.app/www/res/icon/ios/icon-40@2x.png
copying file ./Payload/App Visas.app/www/res/icon/ios/icon-50@2x.png ... 
2018-09-28 17:00:20 +0000  7439 bytes for ./Payload/App Visas.app/www/res/icon/ios/icon-50@2x.png
copying file ./Payload/App Visas.app/www/res/icon/ios/icon-small.png ... 
2018-09-28 17:00:20 +0000  1636 bytes for ./Payload/App Visas.app/www/res/icon/ios/icon-small.png
copying file ./Payload/App Visas.app/www/res/icon/ios/icon-60@3x.png ... 
2018-09-28 17:00:20 +0000  15418 bytes for ./Payload/App Visas.app/www/res/icon/ios/icon-60@3x.png
2018-09-28 17:00:20 +0000  copying file ./Payload/App Visas.app/www/res/icon/ios/icon-76.png ... 
2018-09-28 17:00:20 +0000  5367 bytes for ./Payload/App Visas.app/www/res/icon/ios/icon-76.png
copying file ./Payload/App Visas.app/www/res/icon/ios/icon-60.png ... 
2018-09-28 17:00:20 +0000  4106 bytes for ./Payload/App Visas.app/www/res/icon/ios/icon-60.png
copying file ./Payload/App Visas.app/www/res/icon/ios/icon-72.png ... 
2018-09-28 17:00:20 +0000  5119 bytes for ./Payload/App Visas.app/www/res/icon/ios/icon-72.png
copying file ./Payload/App Visas.app/www/res/icon/ios/icon-72@2x.png ... 
2018-09-28 17:00:20 +0000  11736 bytes for ./Payload/App Visas.app/www/res/icon/ios/icon-72@2x.png
copying file ./Payload/App Visas.app/www/res/icon/ios/icon-60@2x.png ... 
2018-09-28 17:00:20 +0000  9358 bytes for ./Payload/App Visas.app/www/res/icon/ios/icon-60@2x.png
copying file ./Payload/App Visas.app/www/res/icon/ios/icon@2x.png ... 
2018-09-28 17:00:20 +0000  8832 bytes for ./Payload/App Visas.app/www/res/icon/ios/icon@2x.png
copying file ./Payload/App Visas.app/www/res/icon/ios/icon-40.png ... 
2018-09-28 17:00:20 +0000  2442 bytes for ./Payload/App Visas.app/www/res/icon/ios/icon-40.png
copying file ./Payload/App Visas.app/www/res/icon/ios/icon-50.png ... 
2018-09-28 17:00:20 +0000  3180 bytes for ./Payload/App Visas.app/www/res/icon/ios/icon-50.png
copying file ./Payload/App Visas.app/www/res/icon/ios/icon-small@3x.png ... 
2018-09-28 17:00:20 +0000  6413 bytes for ./Payload/App Visas.app/www/res/icon/ios/icon-small@3x.png
2018-09-28 17:00:20 +0000  copying file ./Payload/App Visas.app/www/res/icon/ios/icon-small@2x.png ... 
2018-09-28 17:00:20 +0000  3898 bytes for ./Payload/App Visas.app/www/res/icon/ios/icon-small@2x.png
copying file ./Payload/App Visas.app/www/res/icon/wp8/Background.png ... 
2018-09-28 17:00:20 +0000  24685 bytes for ./Payload/App Visas.app/www/res/icon/wp8/Background.png
2018-09-28 17:00:20 +0000  copying file ./Payload/App Visas.app/www/res/icon/wp8/ApplicationIcon.png ... 
2018-09-28 17:00:20 +0000  12748 bytes for ./Payload/App Visas.app/www/res/icon/wp8/ApplicationIcon.png
2018-09-28 17:00:20 +0000  copying file ./Payload/App Visas.app/www/res/icon/android/drawable-mdpi-icon.png ... 
2018-09-28 17:00:20 +0000  3085 bytes for ./Payload/App Visas.app/www/res/icon/android/drawable-mdpi-icon.png
copying file ./Payload/App Visas.app/www/res/icon/android/drawable-hdpi-icon.png ... 
2018-09-28 17:00:20 +0000  5119 bytes for ./Payload/App Visas.app/www/res/icon/android/drawable-hdpi-icon.png
copying file ./Payload/App Visas.app/www/res/icon/android/drawable-xxxhdpi-icon.png ... 
2018-09-28 17:00:20 +0000  16638 bytes for ./Payload/App Visas.app/www/res/icon/android/drawable-xxxhdpi-icon.png
copying file ./Payload/App Visas.app/www/res/icon/android/drawable-xhdpi-icon.png ... 
2018-09-28 17:00:20 +0000  7153 bytes for ./Payload/App Visas.app/www/res/icon/android/drawable-xhdpi-icon.png
copying file ./Payload/App Visas.app/www/res/icon/android/drawable-xxhdpi-icon.png ... 
2018-09-28 17:00:20 +0000  11736 bytes for ./Payload/App Visas.app/www/res/icon/android/drawable-xxhdpi-icon.png
2018-09-28 17:00:20 +0000  copying file ./Payload/App Visas.app/www/res/icon/android/drawable-ldpi-icon.png ... 
2018-09-28 17:00:20 +0000  2192 bytes for ./Payload/App Visas.app/www/res/icon/android/drawable-ldpi-icon.png
copying file ./Payload/App Visas.app/www/res/icon/windows/StoreLogo.scale-100.png ... 
2018-09-28 17:00:20 +0000  4147 bytes for ./Payload/App Visas.app/www/res/icon/windows/StoreLogo.scale-100.png
copying file ./Payload/App Visas.app/www/res/icon/windows/Square70x70Logo.scale-100.png ... 
2018-09-28 17:00:20 +0000  7178 bytes for ./Payload/App Visas.app/www/res/icon/windows/Square70x70Logo.scale-100.png
2018-09-28 17:00:20 +0000  copying file ./Payload/App Visas.app/www/res/icon/windows/Wide310x150Logo.scale-240.png ... 
2018-09-28 17:00:20 +0000  29614 bytes for ./Payload/App Visas.app/www/res/icon/windows/Wide310x150Logo.scale-240.png
copying file ./Payload/App Visas.app/www/res/icon/windows/Square44x44Logo.scale-240.png ... 
2018-09-28 17:00:20 +0000  6408 bytes for ./Payload/App Visas.app/www/res/icon/windows/Square44x44Logo.scale-240.png
2018-09-28 17:00:20 +0000  copying file ./Payload/App Visas.app/www/res/icon/windows/Square150x150Logo.scale-240.png ... 
2018-09-28 17:00:20 +0000  22932 bytes for ./Payload/App Visas.app/www/res/icon/windows/Square150x150Logo.scale-240.png
2018-09-28 17:00:20 +0000  copying file ./Payload/App Visas.app/www/res/icon/windows/Square71x71Logo.scale-100.png ... 
2018-09-28 17:00:20 +0000  3681 bytes for ./Payload/App Visas.app/www/res/icon/windows/Square71x71Logo.scale-100.png
copying file ./Payload/App Visas.app/www/res/icon/windows/Square71x71Logo.scale-240.png ... 
2018-09-28 17:00:20 +0000  11120 bytes for ./Payload/App Visas.app/www/res/icon/windows/Square71x71Logo.scale-240.png
2018-09-28 17:00:20 +0000  copying file ./Payload/App Visas.app/www/res/icon/windows/Square310x310Logo.scale-100.png ... 
2018-09-28 17:00:20 +0000  59558 bytes for ./Payload/App Visas.app/www/res/icon/windows/Square310x310Logo.scale-100.png
copying file ./Payload/App Visas.app/www/res/icon/windows/Wide310x150Logo.scale-100.png ... 
2018-09-28 17:00:20 +0000  12397 bytes for ./Payload/App Visas.app/www/res/icon/windows/Wide310x150Logo.scale-100.png
copying file ./Payload/App Visas.app/www/res/icon/windows/StoreLogo.scale-240.png ... 
2018-09-28 17:00:20 +0000  6979 bytes for ./Payload/App Visas.app/www/res/icon/windows/StoreLogo.scale-240.png
copying file ./Payload/App Visas.app/www/res/icon/windows/Square44x44Logo.scale-100.png ... 
2018-09-28 17:00:20 +0000  3369 bytes for ./Payload/App Visas.app/www/res/icon/windows/Square44x44Logo.scale-100.png
copying file ./Payload/App Visas.app/www/res/icon/windows/Square150x150Logo.scale-100.png ... 
2018-09-28 17:00:20 +0000  21270 bytes for ./Payload/App Visas.app/www/res/icon/windows/Square150x150Logo.scale-100.png
copying file ./Payload/App Visas.app/www/res/icon/windows/Square30x30Logo.scale-100.png ... 
2018-09-28 17:00:20 +0000  1924 bytes for ./Payload/App Visas.app/www/res/icon/windows/Square30x30Logo.scale-100.png
2018-09-28 17:00:20 +0000  copying file ./Payload/App Visas.app/www/index.html ... 
2018-09-28 17:00:20 +0000  21099 bytes for ./Payload/App Visas.app/www/index.html
2018-09-28 17:00:20 +0000  copying file ./Payload/App Visas.app/www/cordova.js ... 
2018-09-28 17:00:20 +0000  61623 bytes for ./Payload/App Visas.app/www/cordova.js
2018-09-28 17:00:20 +0000  copying file ./Payload/App Visas.app/www/images/fondo-estudia.jpg ... 
2018-09-28 17:00:20 +0000  47717 bytes for ./Payload/App Visas.app/www/images/fondo-estudia.jpg
copying file ./Payload/App Visas.app/www/images/fondo-domicilio.jpg ... 
2018-09-28 17:00:20 +0000  65037 bytes for ./Payload/App Visas.app/www/images/fondo-domicilio.jpg
2018-09-28 17:00:20 +0000  copying file ./Payload/App Visas.app/www/images/boton-menu.png ... 
2018-09-28 17:00:20 +0000  2541 bytes for ./Payload/App Visas.app/www/images/boton-menu.png
2018-09-28 17:00:20 +0000  copying file ./Payload/App Visas.app/www/images/check_radio_sheet.png ... 
2018-09-28 17:00:20 +0000  4343 bytes for ./Payload/App Visas.app/www/images/check_radio_sheet.png
copying file ./Payload/App Visas.app/www/images/fondo-videos.jpg ... 
2018-09-28 17:00:20 +0000  211003 bytes for ./Payload/App Visas.app/www/images/fondo-videos.jpg
2018-09-28 17:00:20 +0000  copying file ./Payload/App Visas.app/www/images/fondo-menu.jpg ... 
2018-09-28 17:00:20 +0000  146319 bytes for ./Payload/App Visas.app/www/images/fondo-menu.jpg
copying file ./Payload/App Visas.app/www/images/fondo-legal.jpg ... 
2018-09-28 17:00:20 +0000  40602 bytes for ./Payload/App Visas.app/www/images/fondo-legal.jpg
copying file ./Payload/App Visas.app/www/images/btn-video.png ... 
2018-09-28 17:00:20 +0000  4920 bytes for ./Payload/App Visas.app/www/images/btn-video.png
copying file ./Payload/App Visas.app/www/images/fondos3.jpg ... 
2018-09-28 17:00:20 +0000  201194 bytes for ./Payload/App Visas.app/www/images/fondos3.jpg
copying file ./Payload/App Visas.app/www/images/logo.png ... 
2018-09-28 17:00:20 +0000  652221 bytes for ./Payload/App Visas.app/www/images/logo.png
copying file ./Payload/App Visas.app/www/images/btn-home.png ... 
2018-09-28 17:00:20 +0000  5106 bytes for ./Payload/App Visas.app/www/images/btn-home.png
2018-09-28 17:00:20 +0000  copying file ./Payload/App Visas.app/www/images/fondo-inm.jpg ... 
2018-09-28 17:00:20 +0000  52226 bytes for ./Payload/App Visas.app/www/images/fondo-inm.jpg
copying file ./Payload/App Visas.app/www/images/btn-oficinas.png ... 
2018-09-28 17:00:20 +0000  6411 bytes for ./Payload/App Visas.app/www/images/btn-oficinas.png
2018-09-28 17:00:20 +0000  copying file ./Payload/App Visas.app/www/images/logo-menu.png ... 
2018-09-28 17:00:20 +0000  22971 bytes for ./Payload/App Visas.app/www/images/logo-menu.png
copying file ./Payload/App Visas.app/www/images/btn-domicilio.png ... 
2018-09-28 17:00:20 +0000  8713 bytes for ./Payload/App Visas.app/www/images/btn-domicilio.png
2018-09-28 17:00:20 +0000  copying file ./Payload/App Visas.app/www/images/fondo.jpg ... 
2018-09-28 17:00:20 +0000  85822 bytes for ./Payload/App Visas.app/www/images/fondo.jpg
2018-09-28 17:00:20 +0000  copying file ./Payload/App Visas.app/www/plugins/cordova-plugin-file/www/requestFileSystem.js ... 
2018-09-28 17:00:20 +0000  3244 bytes for ./Payload/App Visas.app/www/plugins/cordova-plugin-file/www/requestFileSystem.js
2018-09-28 17:00:20 +0000  copying file ./Payload/App Visas.app/www/plugins/cordova-plugin-file/www/DirectoryEntry.js ... 
2018-09-28 17:00:20 +0000  4681 bytes for ./Payload/App Visas.app/www/plugins/cordova-plugin-file/www/DirectoryEntry.js
2018-09-28 17:00:20 +0000  copying file ./Payload/App Visas.app/www/plugins/cordova-plugin-file/www/FileSystem.js ... 
2018-09-28 17:00:20 +0000  1960 bytes for ./Payload/App Visas.app/www/plugins/cordova-plugin-file/www/FileSystem.js
2018-09-28 17:00:20 +0000  copying file ./Payload/App Visas.app/www/plugins/cordova-plugin-file/www/Flags.js ... 
2018-09-28 17:00:20 +0000  1336 bytes for ./Payload/App Visas.app/www/plugins/cordova-plugin-file/www/Flags.js
copying file ./Payload/App Visas.app/www/plugins/cordova-plugin-file/www/fileSystemPaths.js ... 
2018-09-28 17:00:20 +0000  2548 bytes for ./Payload/App Visas.app/www/plugins/cordova-plugin-file/www/fileSystemPaths.js
2018-09-28 17:00:20 +0000  copying file ./Payload/App Visas.app/www/plugins/cordova-plugin-file/www/FileEntry.js ... 
2018-09-28 17:00:20 +0000  3423 bytes for ./Payload/App Visas.app/www/plugins/cordova-plugin-file/www/FileEntry.js
copying file ./Payload/App Visas.app/www/plugins/cordova-plugin-file/www/fileSystems.js ... 
2018-09-28 17:00:20 +0000  1047 bytes for ./Payload/App Visas.app/www/plugins/cordova-plugin-file/www/fileSystems.js
2018-09-28 17:00:20 +0000  copying file ./Payload/App Visas.app/www/plugins/cordova-plugin-file/www/DirectoryReader.js ... 
2018-09-28 17:00:20 +0000  2724 bytes for ./Payload/App Visas.app/www/plugins/cordova-plugin-file/www/DirectoryReader.js
copying file ./Payload/App Visas.app/www/plugins/cordova-plugin-file/www/Metadata.js ... 
2018-09-28 17:00:20 +0000  1488 bytes for ./Payload/App Visas.app/www/plugins/cordova-plugin-file/www/Metadata.js
copying file ./Payload/App Visas.app/www/plugins/cordova-plugin-file/www/ios/FileSystem.js ... 
2018-09-28 17:00:20 +0000  1222 bytes for ./Payload/App Visas.app/www/plugins/cordova-plugin-file/www/ios/FileSystem.js
2018-09-28 17:00:20 +0000  copying file ./Payload/App Visas.app/www/plugins/cordova-plugin-file/www/browser/isChrome.js ... 
2018-09-28 17:00:20 +0000  1232 bytes for ./Payload/App Visas.app/www/plugins/cordova-plugin-file/www/browser/isChrome.js
2018-09-28 17:00:20 +0000  copying file ./Payload/App Visas.app/www/plugins/cordova-plugin-file/www/LocalFileSystem.js ... 
2018-09-28 17:00:20 +0000  957 bytes for ./Payload/App Visas.app/www/plugins/cordova-plugin-file/www/LocalFileSystem.js
copying file ./Payload/App Visas.app/www/plugins/cordova-plugin-file/www/FileReader.js ... 
2018-09-28 17:00:20 +0000  10523 bytes for ./Payload/App Visas.app/www/plugins/cordova-plugin-file/www/FileReader.js
copying file ./Payload/App Visas.app/www/plugins/cordova-plugin-file/www/fileSystems-roots.js ... 
2018-09-28 17:00:20 +0000  1598 bytes for ./Payload/App Visas.app/www/plugins/cordova-plugin-file/www/fileSystems-roots.js
2018-09-28 17:00:20 +0000  copying file ./Payload/App Visas.app/www/plugins/cordova-plugin-file/www/FileUploadOptions.js ... 
2018-09-28 17:00:20 +0000  1831 bytes for ./Payload/App Visas.app/www/plugins/cordova-plugin-file/www/FileUploadOptions.js
copying file ./Payload/App Visas.app/www/plugins/cordova-plugin-file/www/FileWriter.js ... 
2018-09-28 17:00:20 +0000  10544 bytes for ./Payload/App Visas.app/www/plugins/cordova-plugin-file/www/FileWriter.js
2018-09-28 17:00:20 +0000  copying file ./Payload/App Visas.app/www/plugins/cordova-plugin-file/www/FileError.js ... 
2018-09-28 17:00:20 +0000  1483 bytes for ./Payload/App Visas.app/www/plugins/cordova-plugin-file/www/FileError.js
2018-09-28 17:00:20 +0000  copying file ./Payload/App Visas.app/www/plugins/cordova-plugin-file/www/FileUploadResult.js ... 
2018-09-28 17:00:20 +0000  1111 bytes for ./Payload/App Visas.app/www/plugins/cordova-plugin-file/www/FileUploadResult.js
copying file ./Payload/App Visas.app/www/plugins/cordova-plugin-file/www/ProgressEvent.js ... 
2018-09-28 17:00:20 +0000  2544 bytes for ./Payload/App Visas.app/www/plugins/cordova-plugin-file/www/ProgressEvent.js
2018-09-28 17:00:20 +0000  copying file ./Payload/App Visas.app/www/plugins/cordova-plugin-file/www/File.js ... 
2018-09-28 17:00:20 +0000  2714 bytes for ./Payload/App Visas.app/www/plugins/cordova-plugin-file/www/File.js
copying file ./Payload/App Visas.app/www/plugins/cordova-plugin-file/www/resolveLocalFileSystemURI.js ... 
2018-09-28 17:00:20 +0000  4325 bytes for ./Payload/App Visas.app/www/plugins/cordova-plugin-file/www/resolveLocalFileSystemURI.js
2018-09-28 17:00:20 +0000  copying file ./Payload/App Visas.app/www/plugins/cordova-plugin-file/www/Entry.js ... 
2018-09-28 17:00:20 +0000  9869 bytes for ./Payload/App Visas.app/www/plugins/cordova-plugin-file/www/Entry.js
2018-09-28 17:00:20 +0000  copying file ./Payload/App Visas.app/www/plugins/cordova-plugin-inappbrowser/www/inappbrowser.js ... 
2018-09-28 17:00:20 +0000  4309 bytes for ./Payload/App Visas.app/www/plugins/cordova-plugin-inappbrowser/www/inappbrowser.js
2018-09-28 17:00:20 +0000  copying file ./Payload/App Visas.app/www/plugins/cordova-plugin-device/www/device.js ... 
2018-09-28 17:00:20 +0000  3070 bytes for ./Payload/App Visas.app/www/plugins/cordova-plugin-device/www/device.js
2018-09-28 17:00:20 +0000  copying file ./Payload/App Visas.app/www/plugins/cordova-plugin-geolocation/www/geolocation.js ... 
2018-09-28 17:00:20 +0000  8629 bytes for ./Payload/App Visas.app/www/plugins/cordova-plugin-geolocation/www/geolocation.js
copying file ./Payload/App Visas.app/www/plugins/cordova-plugin-geolocation/www/PositionError.js ... 
2018-09-28 17:00:20 +0000  1376 bytes for ./Payload/App Visas.app/www/plugins/cordova-plugin-geolocation/www/PositionError.js
copying file ./Payload/App Visas.app/www/plugins/cordova-plugin-geolocation/www/Coordinates.js ... 
2018-09-28 17:00:20 +0000  2075 bytes for ./Payload/App Visas.app/www/plugins/cordova-plugin-geolocation/www/Coordinates.js
copying file ./Payload/App Visas.app/www/plugins/cordova-plugin-geolocation/www/Position.js ... 
2018-09-28 17:00:20 +0000  1358 bytes for ./Payload/App Visas.app/www/plugins/cordova-plugin-geolocation/www/Position.js
2018-09-28 17:00:20 +0000  copying file ./Payload/App Visas.app/www/plugins/cordova-plugin-device-orientation/www/CompassError.js ... 
2018-09-28 17:00:20 +0000  1239 bytes for ./Payload/App Visas.app/www/plugins/cordova-plugin-device-orientation/www/CompassError.js
2018-09-28 17:00:20 +0000  copying file ./Payload/App Visas.app/www/plugins/cordova-plugin-device-orientation/www/CompassHeading.js ... 
2018-09-28 17:00:20 +0000  1222 bytes for ./Payload/App Visas.app/www/plugins/cordova-plugin-device-orientation/www/CompassHeading.js
copying file ./Payload/App Visas.app/www/plugins/cordova-plugin-device-orientation/www/compass.js ... 
2018-09-28 17:00:20 +0000  5111 bytes for ./Payload/App Visas.app/www/plugins/cordova-plugin-device-orientation/www/compass.js
2018-09-28 17:00:20 +0000  copying file ./Payload/App Visas.app/www/plugins/cordova-plugin-contacts/www/ContactError.js ... 
2018-09-28 17:00:20 +0000  1479 bytes for ./Payload/App Visas.app/www/plugins/cordova-plugin-contacts/www/ContactError.js
2018-09-28 17:00:20 +0000  copying file ./Payload/App Visas.app/www/plugins/cordova-plugin-contacts/www/ContactAddress.js ... 
2018-09-28 17:00:20 +0000  1668 bytes for ./Payload/App Visas.app/www/plugins/cordova-plugin-contacts/www/ContactAddress.js
copying file ./Payload/App Visas.app/www/plugins/cordova-plugin-contacts/www/ContactFindOptions.js ... 
2018-09-28 17:00:20 +0000  1648 bytes for ./Payload/App Visas.app/www/plugins/cordova-plugin-contacts/www/ContactFindOptions.js
copying file ./Payload/App Visas.app/www/plugins/cordova-plugin-contacts/www/ContactField.js ... 
2018-09-28 17:00:20 +0000  1376 bytes for ./Payload/App Visas.app/www/plugins/cordova-plugin-contacts/www/ContactField.js
2018-09-28 17:00:20 +0000  copying file ./Payload/App Visas.app/www/plugins/cordova-plugin-contacts/www/ContactOrganization.js ... 
2018-09-28 17:00:20 +0000  1355 bytes for ./Payload/App Visas.app/www/plugins/cordova-plugin-contacts/www/ContactOrganization.js
copying file ./Payload/App Visas.app/www/plugins/cordova-plugin-contacts/www/contacts.js ... 
2018-09-28 17:00:20 +0000  3653 bytes for ./Payload/App Visas.app/www/plugins/cordova-plugin-contacts/www/contacts.js
2018-09-28 17:00:20 +0000  copying file ./Payload/App Visas.app/www/plugins/cordova-plugin-contacts/www/ios/contacts.js ... 
2018-09-28 17:00:20 +0000  2470 bytes for ./Payload/App Visas.app/www/plugins/cordova-plugin-contacts/www/ios/contacts.js
2018-09-28 17:00:20 +0000  copying file ./Payload/App Visas.app/www/plugins/cordova-plugin-contacts/www/ios/Contact.js ... 
2018-09-28 17:00:20 +0000  1829 bytes for ./Payload/App Visas.app/www/plugins/cordova-plugin-contacts/www/ios/Contact.js
2018-09-28 17:00:20 +0000  copying file ./Payload/App Visas.app/www/plugins/cordova-plugin-contacts/www/ContactName.js ... 
2018-09-28 17:00:20 +0000  1455 bytes for ./Payload/App Visas.app/www/plugins/cordova-plugin-contacts/www/ContactName.js
2018-09-28 17:00:20 +0000  copying file ./Payload/App Visas.app/www/plugins/cordova-plugin-contacts/www/Contact.js ... 
2018-09-28 17:00:20 +0000  5742 bytes for ./Payload/App Visas.app/www/plugins/cordova-plugin-contacts/www/Contact.js
2018-09-28 17:00:20 +0000  copying file ./Payload/App Visas.app/www/plugins/cordova-plugin-contacts/www/ContactFieldType.js ... 
2018-09-28 17:00:20 +0000  2059 bytes for ./Payload/App Visas.app/www/plugins/cordova-plugin-contacts/www/ContactFieldType.js
2018-09-28 17:00:20 +0000  copying file ./Payload/App Visas.app/www/plugins/cordova-plugin-console/www/logger.js ... 
2018-09-28 17:00:20 +0000  10323 bytes for ./Payload/App Visas.app/www/plugins/cordova-plugin-console/www/logger.js
copying file ./Payload/App Visas.app/www/plugins/cordova-plugin-console/www/console-via-logger.js ... 
2018-09-28 17:00:20 +0000  6896 bytes for ./Payload/App Visas.app/www/plugins/cordova-plugin-console/www/console-via-logger.js
2018-09-28 17:00:20 +0000  copying file ./Payload/App Visas.app/www/plugins/cordova-plugin-globalization/www/globalization.js ... 
2018-09-28 17:00:20 +0000  18085 bytes for ./Payload/App Visas.app/www/plugins/cordova-plugin-globalization/www/globalization.js
2018-09-28 17:00:20 +0000  copying file ./Payload/App Visas.app/www/plugins/cordova-plugin-globalization/www/GlobalizationError.js ... 
2018-09-28 17:00:20 +0000  1354 bytes for ./Payload/App Visas.app/www/plugins/cordova-plugin-globalization/www/GlobalizationError.js
copying file ./Payload/App Visas.app/www/plugins/cordova-plugin-device-motion/www/Acceleration.js ... 
2018-09-28 17:00:20 +0000  1107 bytes for ./Payload/App Visas.app/www/plugins/cordova-plugin-device-motion/www/Acceleration.js
copying file ./Payload/App Visas.app/www/plugins/cordova-plugin-device-motion/www/accelerometer.js ... 
2018-09-28 17:00:20 +0000  6878 bytes for ./Payload/App Visas.app/www/plugins/cordova-plugin-device-motion/www/accelerometer.js
2018-09-28 17:00:20 +0000  copying file ./Payload/App Visas.app/www/plugins/cordova-plugin-dialogs/www/notification.js ... 
2018-09-28 17:00:20 +0000  5378 bytes for ./Payload/App Visas.app/www/plugins/cordova-plugin-dialogs/www/notification.js
2018-09-28 17:00:20 +0000  copying file ./Payload/App Visas.app/www/plugins/cordova-plugin-camera/www/CameraPopoverOptions.js ... 
2018-09-28 17:00:20 +0000  2297 bytes for ./Payload/App Visas.app/www/plugins/cordova-plugin-camera/www/CameraPopoverOptions.js
2018-09-28 17:00:20 +0000  copying file ./Payload/App Visas.app/www/plugins/cordova-plugin-camera/www/ios/CameraPopoverHandle.js ... 
2018-09-28 17:00:20 +0000  2069 bytes for ./Payload/App Visas.app/www/plugins/cordova-plugin-camera/www/ios/CameraPopoverHandle.js
copying file ./Payload/App Visas.app/www/plugins/cordova-plugin-camera/www/CameraConstants.js ... 
2018-09-28 17:00:20 +0000  2450 bytes for ./Payload/App Visas.app/www/plugins/cordova-plugin-camera/www/CameraConstants.js
2018-09-28 17:00:20 +0000  copying file ./Payload/App Visas.app/www/plugins/cordova-plugin-camera/www/Camera.js ... 
2018-09-28 17:00:20 +0000  8244 bytes for ./Payload/App Visas.app/www/plugins/cordova-plugin-camera/www/Camera.js
2018-09-28 17:00:20 +0000  copying file ./Payload/App Visas.app/www/plugins/cordova-plugin-battery-status/www/battery.js ... 
2018-09-28 17:00:20 +0000  4027 bytes for ./Payload/App Visas.app/www/plugins/cordova-plugin-battery-status/www/battery.js
2018-09-28 17:00:20 +0000  copying file ./Payload/App Visas.app/www/js/videos.js ... 
2018-09-28 17:00:20 +0000  7410 bytes for ./Payload/App Visas.app/www/js/videos.js
2018-09-28 17:00:20 +0000  copying file ./Payload/App Visas.app/www/spec/index.js ... 
2018-09-28 17:00:20 +0000  2604 bytes for ./Payload/App Visas.app/www/spec/index.js
2018-09-28 17:00:20 +0000  copying file ./Payload/App Visas.app/www/spec/lib/jasmine-1.2.0/jasmine.css ... 
2018-09-28 17:00:20 +0000  6444 bytes for ./Payload/App Visas.app/www/spec/lib/jasmine-1.2.0/jasmine.css
copying file ./Payload/App Visas.app/www/spec/lib/jasmine-1.2.0/MIT.LICENSE ... 
2018-09-28 17:00:20 +0000  1061 bytes for ./Payload/App Visas.app/www/spec/lib/jasmine-1.2.0/MIT.LICENSE
copying file ./Payload/App Visas.app/www/spec/lib/jasmine-1.2.0/jasmine.js ... 
2018-09-28 17:00:20 +0000  68641 bytes for ./Payload/App Visas.app/www/spec/lib/jasmine-1.2.0/jasmine.js
2018-09-28 17:00:20 +0000  copying file ./Payload/App Visas.app/www/spec/lib/jasmine-1.2.0/jasmine-html.js ... 
2018-09-28 17:00:20 +0000  19065 bytes for ./Payload/App Visas.app/www/spec/lib/jasmine-1.2.0/jasmine-html.js
2018-09-28 17:00:20 +0000  copying file ./Payload/App Visas.app/www/spec/helper.js ... 
2018-09-28 17:00:20 +0000  1264 bytes for ./Payload/App Visas.app/www/spec/helper.js
copying file ./Payload/App Visas.app/www/cordova-js-src/exec.js ... 
2018-09-28 17:00:20 +0000  8877 bytes for ./Payload/App Visas.app/www/cordova-js-src/exec.js
2018-09-28 17:00:20 +0000  copying file ./Payload/App Visas.app/www/cordova-js-src/platform.js ... 
2018-09-28 17:00:20 +0000  943 bytes for ./Payload/App Visas.app/www/cordova-js-src/platform.js
copying file ./Payload/App Visas.app/www/style.css ... 
2018-09-28 17:00:20 +0000  5718 bytes for ./Payload/App Visas.app/www/style.css
2018-09-28 17:00:20 +0000  copying file ./Payload/App Visas.app/www/jquery-mobile/jquery-1.11.1.min.js ... 
2018-09-28 17:00:20 +0000  95786 bytes for ./Payload/App Visas.app/www/jquery-mobile/jquery-1.11.1.min.js
2018-09-28 17:00:20 +0000  copying file ./Payload/App Visas.app/www/jquery-mobile/images/ajax-loader.gif ... 
2018-09-28 17:00:20 +0000  7825 bytes for ./Payload/App Visas.app/www/jquery-mobile/images/ajax-loader.gif
copying file ./Payload/App Visas.app/www/jquery-mobile/images/icons-18-black.png ... 
2018-09-28 17:00:20 +0000  1968 bytes for ./Payload/App Visas.app/www/jquery-mobile/images/icons-18-black.png
2018-09-28 17:00:20 +0000  copying file ./Payload/App Visas.app/www/jquery-mobile/images/icons-36-white.png ... 
2018-09-28 17:00:20 +0000  3861 bytes for ./Payload/App Visas.app/www/jquery-mobile/images/icons-36-white.png
copying file ./Payload/App Visas.app/www/jquery-mobile/images/icons-18-white.png ... 
2018-09-28 17:00:20 +0000  1988 bytes for ./Payload/App Visas.app/www/jquery-mobile/images/icons-18-white.png
2018-09-28 17:00:20 +0000  copying file ./Payload/App Visas.app/www/jquery-mobile/images/icons-36-black.png ... 
2018-09-28 17:00:20 +0000  3859 bytes for ./Payload/App Visas.app/www/jquery-mobile/images/icons-36-black.png
copying file ./Payload/App Visas.app/www/jquery-mobile/jquery.mobile.structure-1.3.0.min.css ... 
2018-09-28 17:00:20 +0000  70813 bytes for ./Payload/App Visas.app/www/jquery-mobile/jquery.mobile.structure-1.3.0.min.css
2018-09-28 17:00:20 +0000  copying file ./Payload/App Visas.app/www/jquery-mobile/jquery.mobile-1.3.0.min.js ... 
2018-09-28 17:00:20 +0000  144439 bytes for ./Payload/App Visas.app/www/jquery-mobile/jquery.mobile-1.3.0.min.js
2018-09-28 17:00:20 +0000  copying file ./Payload/App Visas.app/www/jquery-mobile/jquery.mobile-1.4.5.css ... 
2018-09-28 17:00:20 +0000  239560 bytes for ./Payload/App Visas.app/www/jquery-mobile/jquery.mobile-1.4.5.css
copying file ./Payload/App Visas.app/www/jquery-mobile/jquery.tubular.js ... 
2018-09-28 17:00:20 +0000  6166 bytes for ./Payload/App Visas.app/www/jquery-mobile/jquery.tubular.js
copying file ./Payload/App Visas.app/www/jquery-mobile/jquery.youtubebackground.js ... 
2018-09-28 17:00:20 +0000  9262 bytes for ./Payload/App Visas.app/www/jquery-mobile/jquery.youtubebackground.js
copying file ./Payload/App Visas.app/www/jquery-mobile/jquery.mobile.theme-1.3.0.min.css ... 
2018-09-28 17:00:20 +0000  24092 bytes for ./Payload/App Visas.app/www/jquery-mobile/jquery.mobile.theme-1.3.0.min.css
copying file ./Payload/App Visas.app/www/cordova_plugins.js ... 
2018-09-28 17:00:20 +0000  13896 bytes for ./Payload/App Visas.app/www/cordova_plugins.js
copying file ./Payload/App Visas.app/www/spec.html ... 
2018-09-28 17:00:20 +0000  2532 bytes for ./Payload/App Visas.app/www/spec.html
copying file ./Payload/App Visas.app/LaunchImage-700-Portrait~ipad.png ... 
2018-09-28 17:00:20 +0000  74890 bytes for ./Payload/App Visas.app/LaunchImage-700-Portrait~ipad.png
copying file ./Payload/App Visas.app/Assets.car ... 
2018-09-28 17:00:20 +0000  125608 bytes for ./Payload/App Visas.app/Assets.car
2018-09-28 17:00:20 +0000  copying file ./Payload/App Visas.app/LaunchImage-800-Portrait-736h@3x.png ... 
2018-09-28 17:00:20 +0000  62285 bytes for ./Payload/App Visas.app/LaunchImage-800-Portrait-736h@3x.png
2018-09-28 17:00:20 +0000  copying file ./Payload/App Visas.app/AppIcon72x72~ipad.png ... 
2018-09-28 17:00:20 +0000  15012 bytes for ./Payload/App Visas.app/AppIcon72x72~ipad.png
2018-09-28 17:00:20 +0000  copying file ./Payload/App Visas.app/CDVLaunchScreen.storyboardc/01J-lp-oVM-view-Ze5-6b-2t3.nib ... 
2018-09-28 17:00:20 +0000  2288 bytes for ./Payload/App Visas.app/CDVLaunchScreen.storyboardc/01J-lp-oVM-view-Ze5-6b-2t3.nib
copying file ./Payload/App Visas.app/CDVLaunchScreen.storyboardc/UIViewController-01J-lp-oVM.nib ... 
2018-09-28 17:00:20 +0000  832 bytes for ./Payload/App Visas.app/CDVLaunchScreen.storyboardc/UIViewController-01J-lp-oVM.nib
2018-09-28 17:00:20 +0000  copying file ./Payload/App Visas.app/CDVLaunchScreen.storyboardc/Info.plist ... 
2018-09-28 17:00:20 +0000  258 bytes for ./Payload/App Visas.app/CDVLaunchScreen.storyboardc/Info.plist
copying file ./Payload/App Visas.app/LaunchImage-700@2x.png ... 
2018-09-28 17:00:20 +0000  55319 bytes for ./Payload/App Visas.app/LaunchImage-700@2x.png
copying file ./Payload/App Visas.app/LaunchImage-700-568h@2x.png ... 
2018-09-28 17:00:20 +0000  61990 bytes for ./Payload/App Visas.app/LaunchImage-700-568h@2x.png
2018-09-28 17:00:20 +0000  copying file ./Payload/App Visas.app/CDVNotification.bundle/beep.wav ... 
2018-09-28 17:00:20 +0000  8114 bytes for ./Payload/App Visas.app/CDVNotification.bundle/beep.wav
copying file ./Payload/App Visas.app/LaunchImage-700-Landscape@2x~ipad.png ... 
2018-09-28 17:00:20 +0000  161722 bytes for ./Payload/App Visas.app/LaunchImage-700-Landscape@2x~ipad.png
2018-09-28 17:00:20 +0000  copying file ./Payload/App Visas.app/LaunchImage.png ... 
2018-09-28 17:00:20 +0000  20021 bytes for ./Payload/App Visas.app/LaunchImage.png
2018-09-28 17:00:20 +0000  copying file ./Payload/App Visas.app/LaunchImage-800-Landscape-736h@3x.png ... 
2018-09-28 17:00:20 +0000  63597 bytes for ./Payload/App Visas.app/LaunchImage-800-Landscape-736h@3x.png
copying file ./Payload/App Visas.app/LaunchImage-700-Portrait@2x~ipad.png ... 
2018-09-28 17:00:20 +0000  154923 bytes for ./Payload/App Visas.app/LaunchImage-700-Portrait@2x~ipad.png
copying file ./Payload/App Visas.app/LaunchImage-700-Landscape~ipad.png ... 
2018-09-28 17:00:20 +0000  76512 bytes for ./Payload/App Visas.app/LaunchImage-700-Landscape~ipad.png
copying file ./Payload/App Visas.app/Info.plist ... 
2018-09-28 17:00:20 +0000  1898 bytes for ./Payload/App Visas.app/Info.plist
copying file ./Payload/App Visas.app/PkgInfo ... 
2018-09-28 17:00:20 +0000  8 bytes for ./Payload/App Visas.app/PkgInfo
2018-09-28 17:00:20 +0000  /usr/bin/ditto exited with 0
2018-09-28 17:00:20 +0000  Processing step: IDEDistributionAppStoreInformationStep
2018-09-28 17:00:20 +0000  Skipping step: IDEDistributionAppStoreInformationStep because it said so
2018-09-28 17:00:20 +0000  Processing step: IDEDistributionCreateManifestStep
